<?xml version="1.0" encoding="UTF-8"?>
<robot generator="Robot 7.1 (Python 3.13.0 on win32)" generated="2024-10-16T16:15:00.926406" rpa="false" schemaversion="5">
<suite id="s1" name="Signup" source="C:\QAx\projects\walkdog-robot\signup.robot">
<test id="s1-t1" name="Deve poder cadastrar um novo dog walker" line="8">
<kw name="Set Variable" owner="BuiltIn">
<msg time="2024-10-16T16:15:01.292911" level="INFO">${name} = Fabio Neri</msg>
<var>${name}</var>
<arg>Fabio Neri</arg>
<doc>Returns the given values which can then be assigned to a variables.</doc>
<status status="PASS" start="2024-10-16T16:15:01.292712" elapsed="0.000230"/>
</kw>
<kw name="Set Variable" owner="BuiltIn">
<msg time="2024-10-16T16:15:01.293530" level="INFO">${email} = webdfabinho@gmail.com</msg>
<var>${email}</var>
<arg>webdfabinho@gmail.com</arg>
<doc>Returns the given values which can then be assigned to a variables.</doc>
<status status="PASS" start="2024-10-16T16:15:01.293352" elapsed="0.000210"/>
</kw>
<kw name="Set Variable" owner="BuiltIn">
<msg time="2024-10-16T16:15:01.294453" level="INFO">${cpf} = 00000014141</msg>
<var>${cpf}</var>
<arg>00000014141</arg>
<doc>Returns the given values which can then be assigned to a variables.</doc>
<status status="PASS" start="2024-10-16T16:15:01.294110" elapsed="0.000375"/>
</kw>
<kw name="Set Variable" owner="BuiltIn">
<msg time="2024-10-16T16:15:01.294876" level="INFO">${cep} = 04534011</msg>
<var>${cep}</var>
<arg>04534011</arg>
<doc>Returns the given values which can then be assigned to a variables.</doc>
<status status="PASS" start="2024-10-16T16:15:01.294741" elapsed="0.000156"/>
</kw>
<kw name="Set Variable" owner="BuiltIn">
<msg time="2024-10-16T16:15:01.295559" level="INFO">${addressStreet} = Rua Joaquim Floriano</msg>
<var>${addressStreet}</var>
<arg>Rua Joaquim Floriano</arg>
<doc>Returns the given values which can then be assigned to a variables.</doc>
<status status="PASS" start="2024-10-16T16:15:01.295230" elapsed="0.000459"/>
</kw>
<kw name="Set Variable" owner="BuiltIn">
<msg time="2024-10-16T16:15:01.296985" level="INFO">${addressDistrict} = Itaim Bibi</msg>
<var>${addressDistrict}</var>
<arg>Itaim Bibi</arg>
<doc>Returns the given values which can then be assigned to a variables.</doc>
<status status="PASS" start="2024-10-16T16:15:01.296279" elapsed="0.000808"/>
</kw>
<kw name="Set Variable" owner="BuiltIn">
<msg time="2024-10-16T16:15:01.297788" level="INFO">${addressCityUf} = São Paulo/SP</msg>
<var>${addressCityUf}</var>
<arg>São Paulo/SP</arg>
<doc>Returns the given values which can then be assigned to a variables.</doc>
<status status="PASS" start="2024-10-16T16:15:01.297569" elapsed="0.000247"/>
</kw>
<kw name="Set Variable" owner="BuiltIn">
<msg time="2024-10-16T16:15:01.298514" level="INFO">${addressNumber} = 119</msg>
<var>${addressNumber}</var>
<arg>119</arg>
<doc>Returns the given values which can then be assigned to a variables.</doc>
<status status="PASS" start="2024-10-16T16:15:01.298250" elapsed="0.000300"/>
</kw>
<kw name="Set Variable" owner="BuiltIn">
<msg time="2024-10-16T16:15:01.299471" level="INFO">${addressDetails} = C3</msg>
<var>${addressDetails}</var>
<arg>C3</arg>
<doc>Returns the given values which can then be assigned to a variables.</doc>
<status status="PASS" start="2024-10-16T16:15:01.298863" elapsed="0.000705"/>
</kw>
<kw name="Set Variable" owner="BuiltIn">
<msg time="2024-10-16T16:15:01.302051" level="INFO">${cnh} = toretto.jpg</msg>
<var>${cnh}</var>
<arg>toretto.jpg</arg>
<doc>Returns the given values which can then be assigned to a variables.</doc>
<status status="PASS" start="2024-10-16T16:15:01.301210" elapsed="0.000900"/>
</kw>
<kw name="Go to signup page">
<kw name="New Browser" owner="Browser">
<msg time="2024-10-16T16:15:01.304548" level="INFO">{"browser": "chromium", "headless": false, "chromiumSandbox": false, "devtools": false, "handleSIGHUP": true, "handleSIGINT": true, "handleSIGTERM": true, "slowMo": 0.0, "timeout": 30000.0, "tracesDir": "C:\\QAx\\projects\\walkdog-robot\\logs\\browser\\traces\\93295395-b164-4711-b1f9-fa05c27048fa"}</msg>
<msg time="2024-10-16T16:15:02.635845" level="INFO">Starting Browser process C:\Python313\Lib\site-packages\Browser\wrapper\index.js using port 51577</msg>
<msg time="2024-10-16T16:15:02.636026" level="INFO">Node startup parameters: ['node', 'C:\\Python313\\Lib\\site-packages\\Browser\\wrapper\\index.js', '51577']</msg>
<msg time="2024-10-16T16:15:06.439342" level="INFO">Successfully created browser with options: {"browser":"chromium","headless":false,"chromiumSandbox":false,"devtools":false,"handleSIGHUP":true,"handleSIGINT":true,"handleSIGTERM":true,"slowMo":0,"timeout":30000,"tracesDir":"C:\\QAx\\projects\\walkdog-robot\\logs\\browser\\traces\\93295395-b164-4711-b1f9-fa05c27048fa"}</msg>
<arg>browser=chromium</arg>
<arg>headless=False</arg>
<tag>BrowserControl</tag>
<tag>Setter</tag>
<doc>Create a new playwright Browser with specified options.</doc>
<status status="PASS" start="2024-10-16T16:15:01.303558" elapsed="5.135999"/>
</kw>
<kw name="New Page" owner="Browser">
<msg time="2024-10-16T16:15:10.116274" level="INFO">Successfully initialized new page object and opened url: https://walkdog.vercel.app/signup</msg>
<msg time="2024-10-16T16:15:10.116350" level="INFO">No context was open. New context was automatically opened when this page is created.</msg>
<arg>https://walkdog.vercel.app/signup</arg>
<tag>BrowserControl</tag>
<tag>Setter</tag>
<doc>Open a new Page.</doc>
<status status="PASS" start="2024-10-16T16:15:06.439818" elapsed="3.676717"/>
</kw>
<kw name="Wait For Elements State" owner="Browser">
<msg time="2024-10-16T16:15:10.191263" level="INFO">Waited for Element with selector form h1 at state visible</msg>
<arg>form h1</arg>
<arg>visible</arg>
<arg>5000</arg>
<tag>PageContent</tag>
<tag>Wait</tag>
<doc>Waits for the element found by ``selector`` to satisfy state option.</doc>
<status status="PASS" start="2024-10-16T16:15:10.116770" elapsed="0.074844"/>
</kw>
<kw name="Get Text" owner="Browser">
<msg time="2024-10-16T16:15:10.239316" level="INFO">Text: 'Faça seu cadastro'</msg>
<arg>form h1</arg>
<arg>equal</arg>
<arg>Faça seu cadastro</arg>
<tag>Assertion</tag>
<tag>Getter</tag>
<tag>PageContent</tag>
<doc>Returns text attribute of the element found by ``selector``.</doc>
<status status="PASS" start="2024-10-16T16:15:10.191909" elapsed="0.047550"/>
</kw>
<status status="PASS" start="2024-10-16T16:15:01.303035" elapsed="8.936592"/>
</kw>
<kw name="Fill signup form">
<kw name="Fill Text" owner="Browser">
<msg time="2024-10-16T16:15:10.241467" level="INFO">Fills the text 'Fabio Neri' in the given field.</msg>
<arg>css=input[name=name]</arg>
<arg>${name}</arg>
<tag>PageContent</tag>
<tag>Setter</tag>
<doc>Clears and fills the given ``txt`` into the text field found by ``selector``.</doc>
<status status="PASS" start="2024-10-16T16:15:10.240885" elapsed="0.023736"/>
</kw>
<kw name="Fill Text" owner="Browser">
<msg time="2024-10-16T16:15:10.265598" level="INFO">Fills the text 'webdfabinho@gmail.com' in the given field.</msg>
<arg>css=input[name=email]</arg>
<arg>${email}</arg>
<tag>PageContent</tag>
<tag>Setter</tag>
<doc>Clears and fills the given ``txt`` into the text field found by ``selector``.</doc>
<status status="PASS" start="2024-10-16T16:15:10.264821" elapsed="0.028162"/>
</kw>
<kw name="Fill Text" owner="Browser">
<msg time="2024-10-16T16:15:10.293602" level="INFO">Fills the text '00000014141' in the given field.</msg>
<arg>css=input[name=cpf]</arg>
<arg>${cpf}</arg>
<tag>PageContent</tag>
<tag>Setter</tag>
<doc>Clears and fills the given ``txt`` into the text field found by ``selector``.</doc>
<status status="PASS" start="2024-10-16T16:15:10.293174" elapsed="0.023684"/>
</kw>
<kw name="Fill Text" owner="Browser">
<msg time="2024-10-16T16:15:10.317572" level="INFO">Fills the text '04534011' in the given field.</msg>
<arg>css=input[name=cep]</arg>
<arg>${cep}</arg>
<tag>PageContent</tag>
<tag>Setter</tag>
<doc>Clears and fills the given ``txt`` into the text field found by ``selector``.</doc>
<status status="PASS" start="2024-10-16T16:15:10.317047" elapsed="0.026529"/>
</kw>
<kw name="Click" owner="Browser">
<msg time="2024-10-16T16:15:10.344907" level="INFO">Clicks the element 'css=input[value="Buscar CEP"]'.</msg>
<arg>css=input[value="Buscar CEP"]</arg>
<tag>PageContent</tag>
<tag>Setter</tag>
<doc>Simulates mouse click on the element found by ``selector``.</doc>
<status status="PASS" start="2024-10-16T16:15:10.344263" elapsed="0.052026"/>
</kw>
<kw name="Get Property" owner="Browser">
<msg time="2024-10-16T16:15:10.845181" level="INFO">Property: 'Rua Joaquim Floriano'</msg>
<arg>css=input[name=addressStreet]</arg>
<arg>value</arg>
<arg>equal</arg>
<arg>${addressStreet}</arg>
<tag>Assertion</tag>
<tag>Getter</tag>
<tag>PageContent</tag>
<doc>Returns the ``property`` of the element found by ``selector``.</doc>
<status status="PASS" start="2024-10-16T16:15:10.396533" elapsed="0.448795"/>
</kw>
<kw name="Get Property" owner="Browser">
<msg time="2024-10-16T16:15:10.864587" level="INFO">Property: 'Itaim Bibi'</msg>
<arg>css=input[name=addressDistrict]</arg>
<arg>value</arg>
<arg>equal</arg>
<arg>${addressDistrict}</arg>
<tag>Assertion</tag>
<tag>Getter</tag>
<tag>PageContent</tag>
<doc>Returns the ``property`` of the element found by ``selector``.</doc>
<status status="PASS" start="2024-10-16T16:15:10.845616" elapsed="0.019108"/>
</kw>
<kw name="Get Property" owner="Browser">
<msg time="2024-10-16T16:15:10.879898" level="INFO">Property: 'São Paulo/SP'</msg>
<arg>css=input[name=addressCityUf]</arg>
<arg>value</arg>
<arg>equal</arg>
<arg>${addressCityUf}</arg>
<tag>Assertion</tag>
<tag>Getter</tag>
<tag>PageContent</tag>
<doc>Returns the ``property`` of the element found by ``selector``.</doc>
<status status="PASS" start="2024-10-16T16:15:10.864921" elapsed="0.015131"/>
</kw>
<kw name="Fill Text" owner="Browser">
<msg time="2024-10-16T16:15:10.880723" level="INFO">Fills the text '119' in the given field.</msg>
<arg>css=input[name=addressNumber]</arg>
<arg>${addressNumber}</arg>
<tag>PageContent</tag>
<tag>Setter</tag>
<doc>Clears and fills the given ``txt`` into the text field found by ``selector``.</doc>
<status status="PASS" start="2024-10-16T16:15:10.880270" elapsed="0.020309"/>
</kw>
<kw name="Fill Text" owner="Browser">
<msg time="2024-10-16T16:15:10.902095" level="INFO">Fills the text 'C3' in the given field.</msg>
<arg>css=input[name=addressDetails]</arg>
<arg>${addressDetails}</arg>
<tag>PageContent</tag>
<tag>Setter</tag>
<doc>Clears and fills the given ``txt`` into the text field found by ``selector``.</doc>
<status status="PASS" start="2024-10-16T16:15:10.900984" elapsed="0.014726"/>
</kw>
<kw name="Upload File By Selector" owner="Browser">
<arg>css=input[type=file]</arg>
<arg>${EXECDIR}/${cnh}</arg>
<tag>PageContent</tag>
<tag>Setter</tag>
<doc>Uploads file from `path` to file input element matched by selector.</doc>
<status status="PASS" start="2024-10-16T16:15:10.916270" elapsed="0.027789"/>
</kw>
<arg>${name}</arg>
<arg>${email}</arg>
<arg>${cpf}</arg>
<arg>${cep}</arg>
<arg>${addressStreet}</arg>
<arg>${addressDistrict}</arg>
<arg>${addressCityUf}</arg>
<arg>${addressNumber}</arg>
<arg>${addressDetails}</arg>
<arg>${cnh}</arg>
<status status="PASS" start="2024-10-16T16:15:10.240136" elapsed="0.704156"/>
</kw>
<kw name="Submit signup form">
<kw name="Click" owner="Browser">
<msg time="2024-10-16T16:15:10.946311" level="INFO">Clicks the element 'css=.button-register'.</msg>
<arg>css=.button-register</arg>
<tag>PageContent</tag>
<tag>Setter</tag>
<doc>Simulates mouse click on the element found by ``selector``.</doc>
<status status="PASS" start="2024-10-16T16:15:10.945589" elapsed="0.049084"/>
</kw>
<status status="PASS" start="2024-10-16T16:15:10.944768" elapsed="0.050261"/>
</kw>
<kw name="Popup shold be">
<kw name="Wait For Elements State" owner="Browser">
<msg time="2024-10-16T16:15:11.839703" level="INFO">Waited for Element with selector css=.swal2-html-container at state visible</msg>
<arg>css=.swal2-html-container</arg>
<arg>visible</arg>
<arg>5</arg>
<tag>PageContent</tag>
<tag>Wait</tag>
<doc>Waits for the element found by ``selector`` to satisfy state option.</doc>
<status status="PASS" start="2024-10-16T16:15:10.996364" elapsed="0.843546"/>
</kw>
<kw name="Get Text" owner="Browser">
<msg time="2024-10-16T16:15:11.862633" level="INFO">Text: 'Recebemos o seu cadastro e em breve retornaremos o contato.'</msg>
<arg>css=.swal2-html-container</arg>
<arg>equal</arg>
<arg>${expected_text}</arg>
<tag>Assertion</tag>
<tag>Getter</tag>
<tag>PageContent</tag>
<doc>Returns text attribute of the element found by ``selector``.</doc>
<status status="PASS" start="2024-10-16T16:15:11.840155" elapsed="0.022615"/>
</kw>
<kw name="Sleep" owner="BuiltIn">
<msg time="2024-10-16T16:15:16.864040" level="INFO">Slept 5 seconds.</msg>
<arg>5</arg>
<doc>Pauses the test executed for the given time.</doc>
<status status="PASS" start="2024-10-16T16:15:11.863211" elapsed="5.001090"/>
</kw>
<arg>Recebemos o seu cadastro e em breve retornaremos o contato.</arg>
<status status="PASS" start="2024-10-16T16:15:10.995695" elapsed="5.868814"/>
</kw>
<status status="PASS" start="2024-10-16T16:15:01.291426" elapsed="15.573595"/>
</test>
<doc>Suite de testes de cadastro de dog walker</doc>
<status status="PASS" start="2024-10-16T16:15:00.929769" elapsed="16.092923"/>
</suite>
<statistics>
<total>
<stat pass="1" fail="0" skip="0">All Tests</stat>
</total>
<tag>
</tag>
<suite>
<stat pass="1" fail="0" skip="0" id="s1" name="Signup">Signup</stat>
</suite>
</statistics>
<errors>
</errors>
</robot>
